<?xml version="1.0" encoding="UTF-8"?>
<testng-results ignored="0" total="1" passed="1" failed="0" skipped="0">
  <reporter-output>
  </reporter-output>
  <suite started-at="2024-12-30T21:29:48 IST" name="Default suite" finished-at="2024-12-30T21:29:48 IST" duration-ms="92">
    <groups>
    </groups>
    <test started-at="2024-12-30T21:29:48 IST" name="Default test" finished-at="2024-12-30T21:29:48 IST" duration-ms="92">
      <class name="testNG.Assertions">
        <test-method signature="test()[pri:0, instance:testNG.Assertions@290222c1]" started-at="2024-12-30T21:29:48 IST" name="test" finished-at="2024-12-30T21:29:48 IST" duration-ms="20" status="PASS">
          <reporter-output>
          </reporter-output>
        </test-method> <!-- test -->
      </class> <!-- testNG.Assertions -->
    </test> <!-- Default test -->
  </suite> <!-- Default suite -->
</testng-results>
